<?xml version="1.0" encoding="UTF-8"?>
<testsuite xmlns:xsi="http://www.w3.org/2001/XMLSchema-instance" xsi:noNamespaceSchemaLocation="https://maven.apache.org/surefire/maven-surefire-plugin/xsd/surefire-test-report.xsd" name="pvs.app.service.GithubCommitServiceTest" time="1.888" tests="3" errors="0" skipped="0" failures="0">
  <properties>
[...]
</properties>
  <testcase name="get_last_commit" classname="pvs.app.service.GithubCommitServiceTest" time="0.101"/>
  <testcase name="get_all_commits" classname="pvs.app.service.GithubCommitServiceTest" time="0.005"/>
  <testcase name="save" classname="pvs.app.service.GithubCommitServiceTest" time="0.01"/>
</testsuite>